#
# A fatal error has been detected by the Java Runtime Environment:
#
#  SIGSEGV (0xb) at pc=0x00007fff6021844a, pid=731, tid=109939
#
# JRE version: OpenJDK Runtime Environment (Zulu11.33+15-CA) (11.0.4+11) (build 11.0.4+11-LTS)
# Java VM: OpenJDK 64-Bit Server VM (11.0.4+11-LTS, mixed mode, tiered, compressed oops, g1 gc, bsd-amd64)
# Problematic frame:
# C  [libobjc.A.dylib+0x1544a]  object_isClass+0x1f
#
# No core dump will be written. Core dumps have been disabled. To enable core dumping, try "ulimit -c unlimited" before starting Java again
#
# If you would like to submit a bug report, please visit:
#   http://www.azulsystems.com/support/
#

---------------  S U M M A R Y ------------

Command Line: -Xmx2048M -Xss2M -XX:ErrorFile=/dev/null 

Host: MacBookAir5,1 x86_64 2000 MHz, 4 cores, 8G, Darwin 18.7.0
Time: Sun Apr 12 23:59:01 2020 EDT elapsed time: 61148 seconds (0d 16h 59m 8s)

---------------  T H R E A D  ---------------

Current thread is native thread

Stack: [0x000070000b3d6000,0x000070000b456000],  sp=0x000070000b455a48,  free space=510k
Native frames: (J=compiled Java code, A=aot compiled Java code, j=interpreted, Vv=VM code, C=native code)
C  [libobjc.A.dylib+0x1544a]  object_isClass+0x1f
C  [Foundation+0x1a4c3e]  NSKeyValueWillChangeWithPerThreadPendingNotifications.llvm.7538459074364299148+0x11a
C  [CloudDocs+0x52b73]  -[BRContainer(BRXcodeInternalAdditions) setCurrentStatus:]+0x30
C  [CloudDocs+0x5b2fb]  __52-[BRContainerCache subscribeToContainerStatusUpdate]_block_invoke+0x149
C  [Foundation+0x561b8]  -[__NSObserver _doit:]+0x12b
C  [CoreFoundation+0x9e09a]  __CFNOTIFICATIONCENTER_IS_CALLING_OUT_TO_AN_OBSERVER__+0xc
C  [CoreFoundation+0x9e014]  ___CFXRegistrationPost_block_invoke+0x3f
C  [Foundation+0x5606c]  __NSBLOCKOPERATION_IS_CALLING_OUT_TO_A_BLOCK__+0x7
C  [Foundation+0x55f74]  -[NSBlockOperation main]+0x44
C  [Foundation+0x2bced]  -[__NSOperationInternal _start:]+0x2ad
C  [Foundation+0x55ca7]  __NSOQSchedule_f+0xe3
C  [libdispatch.dylib+0x25f8]  _dispatch_call_block_and_release+0xc
C  [libdispatch.dylib+0x363d]  _dispatch_client_callout+0x8
C  [libdispatch.dylib+0x5de6]  _dispatch_continuation_pop+0x19e
C  [libdispatch.dylib+0x54a3]  _dispatch_async_redirect_invoke+0x2bf
C  [libdispatch.dylib+0x113bc]  _dispatch_root_queue_drain+0x144
C  [libdispatch.dylib+0x11b46]  _dispatch_worker_thread2+0x5a
C  [libsystem_pthread.dylib+0x26b3]  _pthread_wqthread+0x247
C  [libsystem_pthread.dylib+0x23fd]  start_wqthread+0xd


siginfo: si_signo: 11 (SIGSEGV), si_code: 1 (SEGV_MAPERR), si_addr: 0x0000000000002750

Register to memory mapping:

RAX=
[error occurred during error reporting (printing register info), id 0xb, SIGSEGV (0xb) at pc=0x000000011bef41f8]

Registers:
RAX=0x0000000000002748, RBX=0x0000000000000000, RCX=0x00006000003164f0, RDX=0x000070000b455a90
RSP=0x000070000b455a48, RBP=0x000070000b455a80, RSI=0x000070000b455a90, RDI=0x000060000037c990
R8 =0x0000000000000001, R9 =0x00000000a5baadb8, R10=0x00007fff90ab46d8, R11=0x00007fe347937b30
R12=0x000070000b455a90, R13=0x000060000037c990, R14=0x0000000000000001, R15=0x00007fff33b32b96
RIP=0x00007fff6021844a, EFLAGS=0x0000000000010206, ERR=0x0000000000000004
  TRAPNO=0x000000000000000e

Top of Stack: (sp=0x000070000b455a48)
0x000070000b455a48:   00007fff37c46e68 000060000012cb10
0x000070000b455a58:   0000000000000000 00007fff60209380
0x000070000b455a68:   0000000000000001 000070000b455a90
0x000070000b455a78:   0000000000000001 000070000b455b30
0x000070000b455a88:   00007fff37dd1c3e 000060000012cb10
0x000070000b455a98:   00007fff37dd1bd1 0000000000000001
0x000070000b455aa8:   000060000394cf00 0000000000000000
0x000070000b455ab8:   0000000000000000 0000000000000000
0x000070000b455ac8:   00007fff37dd1da1 0000600010c450a0
0x000070000b455ad8:   0000000000000000 000060000394cf00
0x000070000b455ae8:   0000000000000000 00007fff93276820
0x000070000b455af8:   0000000069727473 5f1e946144dc00ac
0x000070000b455b08:   000060000394cf00 00007fff60209380
0x000070000b455b18:   000060000394cf00 0000000000000001
0x000070000b455b28:   00007fff93276820 000070000b455b90
0x000070000b455b38:   00007fff4781fb73 0000000000000000
0x000070000b455b48:   0000000000000000 3c090a3e79656b2f
0x000070000b455b58:   633e676e69727473 3e79656b2f3c7965
0x000070000b455b68:   6e697274733c090a 8cc06d10fcba914d
0x000070000b455b78:   00007fff60209380 00007fff33b35bd6
0x000070000b455b88:   00006000054754c0 000070000b455be0
0x000070000b455b98:   00007fff478282fb 0000600001f03510
0x000070000b455ba8:   000060000394cf00 00006000054754c0
0x000070000b455bb8:   000060000012d140 0000000000000010
0x000070000b455bc8:   0000600001f00b10 0000600001f03510
0x000070000b455bd8:   00007fff60209380 000070000b455c50
0x000070000b455be8:   00007fff37c831b8 0000000000000000
0x000070000b455bf8:   00007fff6020a854 0000000000000000
0x000070000b455c08:   0000600001f00b10 000070000b455c30
0x000070000b455c18:   00007fff6020e2a0 0000000000000030
0x000070000b455c28:   0000600005474ac0 0000600001f00b10
0x000070000b455c38:   0000600001f00b10 000060000012efd0 

Instructions: (pc=0x00007fff6021844a)
0x00007fff6021834a:   ff ff 48 01 f8 c3 8b 47 08 8d 70 01 85 c0 0f 44
0x00007fff6021835a:   f0 8d 04 36 85 f6 ba 04 00 00 00 0f 45 d0 e9 61
0x00007fff6021836a:   2e ff ff 55 48 89 e5 41 57 41 56 53 50 48 89 fb
0x00007fff6021837a:   65 8b 0c 25 18 00 00 00 4c 8d 3d 0f 7d af 37 31
0x00007fff6021838a:   c0 f0 41 0f b1 0f 74 11 48 8d 3d ff 7c af 37 be
0x00007fff6021839a:   00 00 01 00 e8 8b c8 00 00 4c 8d 73 10 4c 89 f7
0x00007fff602183aa:   e8 cd 2c ff ff 84 c0 75 46 48 8d 05 30 7d af 37
0x00007fff602183ba:   80 38 00 74 32 8b 43 18 8d 48 01 85 c0 0f 44 c8
0x00007fff602183ca:   31 c0 83 f9 02 72 14 31 c0 89 ca d1 ea ff c0 83
0x00007fff602183da:   f9 03 89 d1 77 f5 83 f8 0f 77 0c 89 c0 48 8d 0d
0x00007fff602183ea:   72 59 af 37 ff 0c 81 49 8b 3e e8 99 c7 00 00 65
0x00007fff602183fa:   8b 04 25 18 00 00 00 31 c9 f0 41 0f b1 0f 75 0b
0x00007fff6021840a:   48 83 c4 08 5b 41 5e 41 5f 5d c3 48 8d 3d 7c 7c
0x00007fff6021841a:   af 37 48 83 c4 08 5b 41 5e 41 5f 5d e9 09 c8 00
0x00007fff6021842a:   00 48 85 ff 74 24 40 f6 c7 01 75 1e 48 b8 f8 ff
0x00007fff6021843a:   ff ff ff 7f 00 00 48 8b 0f 48 21 c1 48 23 41 20
0x00007fff6021844a:   48 8b 40 08 8a 00 24 01 eb 02 31 c0 0f b6 c0 c3
0x00007fff6021845a:   48 85 ff 74 15 40 f6 c7 01 75 13 48 b8 f8 ff ff
0x00007fff6021846a:   ff ff 7f 00 00 48 23 07 eb 3f 31 c0 eb 3b 48 8d
0x00007fff6021847a:   05 49 7c af 37 8b 00 31 f8 83 e0 0f b9 0f 00 00
0x00007fff6021848a:   00 48 39 c8 75 12 48 d1 ef 81 e7 f8 07 00 00 48
0x00007fff6021849a:   03 3d e0 eb 96 37 eb 0e 83 e7 0f 48 c1 e7 03 48
0x00007fff602184aa:   03 3d c8 eb 96 37 48 8b 07 55 48 89 e5 48 89 c7
0x00007fff602184ba:   e8 73 5e ff ff 48 3b 05 9a eb 96 37 5d 75 07 48
0x00007fff602184ca:   8d 05 70 1b ff ff c3 55 48 89 e5 e8 58 5e ff ff
0x00007fff602184da:   48 3b 05 7f eb 96 37 75 07 48 8d 05 56 1b ff ff
0x00007fff602184ea:   5d c3 55 48 89 e5 53 48 83 ec 18 48 8d 55 e8 48
0x00007fff602184fa:   8d 5d f4 48 89 d9 e8 09 00 00 00 8b 03 48 83 c4
0x00007fff6021850a:   18 5b 5d c3 55 48 89 e5 41 57 41 56 41 55 41 54
0x00007fff6021851a:   53 50 49 89 cf 49 89 d4 49 89 f6 49 89 fd 48 89
0x00007fff6021852a:   f7 e8 dc 8e ff ff 49 89 04 24 4d 85 ed 0f 84 f7
0x00007fff6021853a:   00 00 00 48 bb f8 ff ff ff ff 7f 00 00 4c 89 e8 


Stack slot to memory mapping:
stack at sp + 0 slots: 
[error occurred during error reporting (inspecting top of stack), id 0xb, SIGSEGV (0xb) at pc=0x000000011bef41f8]


---------------  P R O C E S S  ---------------

VM state:not at safepoint (normal execution)

VM Mutex/Monitor currently owned by a thread: None

Heap address: 0x0000000780000000, size: 2048 MB, Compressed Oops mode: Zero based, Oop shift amount: 3
Narrow klass base: 0x0000000800000000, Narrow klass shift: 0
Compressed class space size: 1073741824 Address: 0x0000000800000000

Heap:
 garbage-first heap   total 131072K, used 49036K [0x0000000780000000, 0x0000000800000000)
  region size 1024K, 37 young (37888K), 1 survivors (1024K)
 Metaspace       used 14873K, capacity 15191K, committed 15616K, reserved 1062912K
  class space    used 1596K, capacity 1729K, committed 1792K, reserved 1048576K
Heap Regions: E=young(eden), S=young(survivor), O=old, HS=humongous(starts), HC=humongous(continues), CS=collection set, F=free, A=archive, TAMS=top-at-mark-start (previous, next)
|   0|0x0000000780000000, 0x0000000780100000, 0x0000000780100000|100%|HS|  |TAMS 0x0000000780000000, 0x0000000780000000| Complete 
|   1|0x0000000780100000, 0x0000000780200000, 0x0000000780200000|100%| O|  |TAMS 0x0000000780100000, 0x0000000780100000| Untracked 
|   2|0x0000000780200000, 0x0000000780300000, 0x0000000780300000|100%|HS|  |TAMS 0x0000000780200000, 0x0000000780200000| Complete 
|   3|0x0000000780300000, 0x0000000780400000, 0x0000000780400000|100%|HC|  |TAMS 0x0000000780300000, 0x0000000780300000| Complete 
|   4|0x0000000780400000, 0x0000000780500000, 0x0000000780500000|100%| O|  |TAMS 0x0000000780400000, 0x0000000780400000| Untracked 
|   5|0x0000000780500000, 0x0000000780600000, 0x0000000780600000|100%| O|  |TAMS 0x0000000780500000, 0x0000000780500000| Untracked 
|   6|0x0000000780600000, 0x0000000780700000, 0x0000000780700000|100%| O|  |TAMS 0x0000000780600000, 0x0000000780600000| Untracked 
|   7|0x0000000780700000, 0x0000000780700000, 0x0000000780800000|  0%| F|  |TAMS 0x0000000780700000, 0x0000000780700000| Untracked 
|   8|0x0000000780800000, 0x0000000780800000, 0x0000000780900000|  0%| F|  |TAMS 0x0000000780800000, 0x0000000780800000| Untracked 
|   9|0x0000000780900000, 0x0000000780900000, 0x0000000780a00000|  0%| F|  |TAMS 0x0000000780900000, 0x0000000780900000| Untracked 
|  10|0x0000000780a00000, 0x0000000780a00000, 0x0000000780b00000|  0%| F|  |TAMS 0x0000000780a00000, 0x0000000780a00000| Untracked 
|  11|0x0000000780b00000, 0x0000000780b00000, 0x0000000780c00000|  0%| F|  |TAMS 0x0000000780b00000, 0x0000000780b00000| Untracked 
|  12|0x0000000780c00000, 0x0000000780c00000, 0x0000000780d00000|  0%| F|  |TAMS 0x0000000780c00000, 0x0000000780c00000| Untracked 
|  13|0x0000000780d00000, 0x0000000780d00000, 0x0000000780e00000|  0%| F|  |TAMS 0x0000000780d00000, 0x0000000780d00000| Untracked 
|  14|0x0000000780e00000, 0x0000000780e00000, 0x0000000780f00000|  0%| F|  |TAMS 0x0000000780e00000, 0x0000000780e00000| Untracked 
|  15|0x0000000780f00000, 0x0000000780f00000, 0x0000000781000000|  0%| F|  |TAMS 0x0000000780f00000, 0x0000000780f00000| Untracked 
|  16|0x0000000781000000, 0x0000000781000000, 0x0000000781100000|  0%| F|  |TAMS 0x0000000781000000, 0x0000000781000000| Untracked 
|  17|0x0000000781100000, 0x00000007811a6400, 0x0000000781200000| 64%| O|  |TAMS 0x0000000781100000, 0x0000000781100000| Untracked 
|  18|0x0000000781200000, 0x0000000781300000, 0x0000000781300000|100%|HS|  |TAMS 0x0000000781200000, 0x0000000781200000| Complete 
|  19|0x0000000781300000, 0x0000000781400000, 0x0000000781400000|100%|HC|  |TAMS 0x0000000781300000, 0x0000000781300000| Complete 
|  20|0x0000000781400000, 0x0000000781500000, 0x0000000781500000|100%|HC|  |TAMS 0x0000000781400000, 0x0000000781400000| Complete 
|  21|0x0000000781500000, 0x0000000781600000, 0x0000000781600000|100%|HC|  |TAMS 0x0000000781500000, 0x0000000781500000| Complete 
|  22|0x0000000781600000, 0x0000000781700000, 0x0000000781700000|100%|HC|  |TAMS 0x0000000781600000, 0x0000000781600000| Complete 
|  23|0x0000000781700000, 0x0000000781700000, 0x0000000781800000|  0%| F|  |TAMS 0x0000000781700000, 0x0000000781700000| Untracked 
|  24|0x0000000781800000, 0x0000000781800000, 0x0000000781900000|  0%| F|  |TAMS 0x0000000781800000, 0x0000000781800000| Untracked 
|  25|0x0000000781900000, 0x0000000781900000, 0x0000000781a00000|  0%| F|  |TAMS 0x0000000781900000, 0x0000000781900000| Untracked 
|  26|0x0000000781a00000, 0x0000000781a00000, 0x0000000781b00000|  0%| F|  |TAMS 0x0000000781a00000, 0x0000000781a00000| Untracked 
|  27|0x0000000781b00000, 0x0000000781b00000, 0x0000000781c00000|  0%| F|  |TAMS 0x0000000781b00000, 0x0000000781b00000| Untracked 
|  28|0x0000000781c00000, 0x0000000781c00000, 0x0000000781d00000|  0%| F|  |TAMS 0x0000000781c00000, 0x0000000781c00000| Untracked 
|  29|0x0000000781d00000, 0x0000000781d00000, 0x0000000781e00000|  0%| F|  |TAMS 0x0000000781d00000, 0x0000000781d00000| Untracked 
|  30|0x0000000781e00000, 0x0000000781e00000, 0x0000000781f00000|  0%| F|  |TAMS 0x0000000781e00000, 0x0000000781e00000| Untracked 
|  31|0x0000000781f00000, 0x0000000781f00000, 0x0000000782000000|  0%| F|  |TAMS 0x0000000781f00000, 0x0000000781f00000| Untracked 
|  32|0x0000000782000000, 0x0000000782000000, 0x0000000782100000|  0%| F|  |TAMS 0x0000000782000000, 0x0000000782000000| Untracked 
|  33|0x0000000782100000, 0x0000000782100000, 0x0000000782200000|  0%| F|  |TAMS 0x0000000782100000, 0x0000000782100000| Untracked 
|  34|0x0000000782200000, 0x0000000782200000, 0x0000000782300000|  0%| F|  |TAMS 0x0000000782200000, 0x0000000782200000| Untracked 
|  35|0x0000000782300000, 0x0000000782300000, 0x0000000782400000|  0%| F|  |TAMS 0x0000000782300000, 0x0000000782300000| Untracked 
|  36|0x0000000782400000, 0x0000000782400000, 0x0000000782500000|  0%| F|  |TAMS 0x0000000782400000, 0x0000000782400000| Untracked 
|  37|0x0000000782500000, 0x0000000782500000, 0x0000000782600000|  0%| F|  |TAMS 0x0000000782500000, 0x0000000782500000| Untracked 
|  38|0x0000000782600000, 0x0000000782600000, 0x0000000782700000|  0%| F|  |TAMS 0x0000000782600000, 0x0000000782600000| Untracked 
|  39|0x0000000782700000, 0x0000000782700000, 0x0000000782800000|  0%| F|  |TAMS 0x0000000782700000, 0x0000000782700000| Untracked 
|  40|0x0000000782800000, 0x0000000782800000, 0x0000000782900000|  0%| F|  |TAMS 0x0000000782800000, 0x0000000782800000| Untracked 
|  41|0x0000000782900000, 0x0000000782900000, 0x0000000782a00000|  0%| F|  |TAMS 0x0000000782900000, 0x0000000782900000| Untracked 
|  42|0x0000000782a00000, 0x0000000782a00000, 0x0000000782b00000|  0%| F|  |TAMS 0x0000000782a00000, 0x0000000782a00000| Untracked 
|  43|0x0000000782b00000, 0x0000000782b00000, 0x0000000782c00000|  0%| F|  |TAMS 0x0000000782b00000, 0x0000000782b00000| Untracked 
|  44|0x0000000782c00000, 0x0000000782c00000, 0x0000000782d00000|  0%| F|  |TAMS 0x0000000782c00000, 0x0000000782c00000| Untracked 
|  45|0x0000000782d00000, 0x0000000782d00000, 0x0000000782e00000|  0%| F|  |TAMS 0x0000000782d00000, 0x0000000782d00000| Untracked 
|  46|0x0000000782e00000, 0x0000000782e00000, 0x0000000782f00000|  0%| F|  |TAMS 0x0000000782e00000, 0x0000000782e00000| Untracked 
|  47|0x0000000782f00000, 0x0000000782f00000, 0x0000000783000000|  0%| F|  |TAMS 0x0000000782f00000, 0x0000000782f00000| Untracked 
|  48|0x0000000783000000, 0x0000000783000000, 0x0000000783100000|  0%| F|  |TAMS 0x0000000783000000, 0x0000000783000000| Untracked 
|  49|0x0000000783100000, 0x0000000783100000, 0x0000000783200000|  0%| F|  |TAMS 0x0000000783100000, 0x0000000783100000| Untracked 
|  50|0x0000000783200000, 0x0000000783200000, 0x0000000783300000|  0%| F|  |TAMS 0x0000000783200000, 0x0000000783200000| Untracked 
|  51|0x0000000783300000, 0x0000000783300000, 0x0000000783400000|  0%| F|  |TAMS 0x0000000783300000, 0x0000000783300000| Untracked 
|  52|0x0000000783400000, 0x000000078343ce70, 0x0000000783500000| 23%| S|CS|TAMS 0x0000000783400000, 0x0000000783400000| Complete 
|  53|0x0000000783500000, 0x0000000783500000, 0x0000000783600000|  0%| F|  |TAMS 0x0000000783500000, 0x0000000783500000| Untracked 
|  54|0x0000000783600000, 0x0000000783600000, 0x0000000783700000|  0%| F|  |TAMS 0x0000000783600000, 0x0000000783600000| Untracked 
|  55|0x0000000783700000, 0x0000000783700000, 0x0000000783800000|  0%| F|  |TAMS 0x0000000783700000, 0x0000000783700000| Untracked 
|  56|0x0000000783800000, 0x0000000783800000, 0x0000000783900000|  0%| F|  |TAMS 0x0000000783800000, 0x0000000783800000| Untracked 
|  57|0x0000000783900000, 0x0000000783900000, 0x0000000783a00000|  0%| F|  |TAMS 0x0000000783900000, 0x0000000783900000| Untracked 
|  58|0x0000000783a00000, 0x0000000783a00000, 0x0000000783b00000|  0%| F|  |TAMS 0x0000000783a00000, 0x0000000783a00000| Untracked 
|  59|0x0000000783b00000, 0x0000000783b00000, 0x0000000783c00000|  0%| F|  |TAMS 0x0000000783b00000, 0x0000000783b00000| Untracked 
|  60|0x0000000783c00000, 0x0000000783c00000, 0x0000000783d00000|  0%| F|  |TAMS 0x0000000783c00000, 0x0000000783c00000| Untracked 
|  61|0x0000000783d00000, 0x0000000783d00000, 0x0000000783e00000|  0%| F|  |TAMS 0x0000000783d00000, 0x0000000783d00000| Untracked 
|  62|0x0000000783e00000, 0x0000000783e00000, 0x0000000783f00000|  0%| F|  |TAMS 0x0000000783e00000, 0x0000000783e00000| Untracked 
|  63|0x0000000783f00000, 0x0000000783f00000, 0x0000000784000000|  0%| F|  |TAMS 0x0000000783f00000, 0x0000000783f00000| Untracked 
|  64|0x0000000784000000, 0x0000000784000000, 0x0000000784100000|  0%| F|  |TAMS 0x0000000784000000, 0x0000000784000000| Untracked 
|  65|0x0000000784100000, 0x0000000784100000, 0x0000000784200000|  0%| F|  |TAMS 0x0000000784100000, 0x0000000784100000| Untracked 
|  66|0x0000000784200000, 0x0000000784200000, 0x0000000784300000|  0%| F|  |TAMS 0x0000000784200000, 0x0000000784200000| Untracked 
|  67|0x0000000784300000, 0x0000000784300000, 0x0000000784400000|  0%| F|  |TAMS 0x0000000784300000, 0x0000000784300000| Untracked 
|  68|0x0000000784400000, 0x0000000784400000, 0x0000000784500000|  0%| F|  |TAMS 0x0000000784400000, 0x0000000784400000| Untracked 
|  69|0x0000000784500000, 0x0000000784500000, 0x0000000784600000|  0%| F|  |TAMS 0x0000000784500000, 0x0000000784500000| Untracked 
|  70|0x0000000784600000, 0x0000000784600000, 0x0000000784700000|  0%| F|  |TAMS 0x0000000784600000, 0x0000000784600000| Untracked 
|  71|0x0000000784700000, 0x0000000784700000, 0x0000000784800000|  0%| F|  |TAMS 0x0000000784700000, 0x0000000784700000| Untracked 
|  72|0x0000000784800000, 0x0000000784800000, 0x0000000784900000|  0%| F|  |TAMS 0x0000000784800000, 0x0000000784800000| Untracked 
|  73|0x0000000784900000, 0x0000000784900000, 0x0000000784a00000|  0%| F|  |TAMS 0x0000000784900000, 0x0000000784900000| Untracked 
|  74|0x0000000784a00000, 0x0000000784a00000, 0x0000000784b00000|  0%| F|  |TAMS 0x0000000784a00000, 0x0000000784a00000| Untracked 
|  75|0x0000000784b00000, 0x0000000784b00000, 0x0000000784c00000|  0%| F|  |TAMS 0x0000000784b00000, 0x0000000784b00000| Untracked 
|  76|0x0000000784c00000, 0x0000000784c00000, 0x0000000784d00000|  0%| F|  |TAMS 0x0000000784c00000, 0x0000000784c00000| Untracked 
|  77|0x0000000784d00000, 0x0000000784d00000, 0x0000000784e00000|  0%| F|  |TAMS 0x0000000784d00000, 0x0000000784d00000| Untracked 
|  78|0x0000000784e00000, 0x0000000784e00000, 0x0000000784f00000|  0%| F|  |TAMS 0x0000000784e00000, 0x0000000784e00000| Untracked 
|  79|0x0000000784f00000, 0x0000000784f00000, 0x0000000785000000|  0%| F|  |TAMS 0x0000000784f00000, 0x0000000784f00000| Untracked 
|  80|0x0000000785000000, 0x0000000785000000, 0x0000000785100000|  0%| F|  |TAMS 0x0000000785000000, 0x0000000785000000| Untracked 
|  81|0x0000000785100000, 0x0000000785100000, 0x0000000785200000|  0%| F|  |TAMS 0x0000000785100000, 0x0000000785100000| Untracked 
|  82|0x0000000785200000, 0x0000000785200000, 0x0000000785300000|  0%| F|  |TAMS 0x0000000785200000, 0x0000000785200000| Untracked 
|  83|0x0000000785300000, 0x0000000785300000, 0x0000000785400000|  0%| F|  |TAMS 0x0000000785300000, 0x0000000785300000| Untracked 
|  84|0x0000000785400000, 0x0000000785400000, 0x0000000785500000|  0%| F|  |TAMS 0x0000000785400000, 0x0000000785400000| Untracked 
|  85|0x0000000785500000, 0x0000000785500000, 0x0000000785600000|  0%| F|  |TAMS 0x0000000785500000, 0x0000000785500000| Untracked 
|  86|0x0000000785600000, 0x0000000785600000, 0x0000000785700000|  0%| F|  |TAMS 0x0000000785600000, 0x0000000785600000| Untracked 
|  87|0x0000000785700000, 0x0000000785700000, 0x0000000785800000|  0%| F|  |TAMS 0x0000000785700000, 0x0000000785700000| Untracked 
|  88|0x0000000785800000, 0x0000000785800000, 0x0000000785900000|  0%| F|  |TAMS 0x0000000785800000, 0x0000000785800000| Untracked 
|  89|0x0000000785900000, 0x0000000785900000, 0x0000000785a00000|  0%| F|  |TAMS 0x0000000785900000, 0x0000000785900000| Untracked 
|  90|0x0000000785a00000, 0x0000000785a00000, 0x0000000785b00000|  0%| F|  |TAMS 0x0000000785a00000, 0x0000000785a00000| Untracked 
|  91|0x0000000785b00000, 0x0000000785b00000, 0x0000000785c00000|  0%| F|  |TAMS 0x0000000785b00000, 0x0000000785b00000| Untracked 
|  92|0x0000000785c00000, 0x0000000785c80800, 0x0000000785d00000| 50%| E|  |TAMS 0x0000000785c00000, 0x0000000785c00000| Complete 
|  93|0x0000000785d00000, 0x0000000785e00000, 0x0000000785e00000|100%| E|CS|TAMS 0x0000000785d00000, 0x0000000785d00000| Complete 
|  94|0x0000000785e00000, 0x0000000785f00000, 0x0000000785f00000|100%| E|CS|TAMS 0x0000000785e00000, 0x0000000785e00000| Complete 
|  95|0x0000000785f00000, 0x0000000786000000, 0x0000000786000000|100%| E|CS|TAMS 0x0000000785f00000, 0x0000000785f00000| Complete 
|  96|0x0000000786000000, 0x0000000786100000, 0x0000000786100000|100%| E|CS|TAMS 0x0000000786000000, 0x0000000786000000| Complete 
|  97|0x0000000786100000, 0x0000000786200000, 0x0000000786200000|100%| E|CS|TAMS 0x0000000786100000, 0x0000000786100000| Complete 
|  98|0x0000000786200000, 0x0000000786300000, 0x0000000786300000|100%| E|CS|TAMS 0x0000000786200000, 0x0000000786200000| Complete 
|  99|0x0000000786300000, 0x0000000786400000, 0x0000000786400000|100%| E|CS|TAMS 0x0000000786300000, 0x0000000786300000| Complete 
| 100|0x0000000786400000, 0x0000000786500000, 0x0000000786500000|100%| E|CS|TAMS 0x0000000786400000, 0x0000000786400000| Complete 
| 101|0x0000000786500000, 0x0000000786600000, 0x0000000786600000|100%| E|CS|TAMS 0x0000000786500000, 0x0000000786500000| Complete 
| 102|0x0000000786600000, 0x0000000786700000, 0x0000000786700000|100%| E|CS|TAMS 0x0000000786600000, 0x0000000786600000| Complete 
| 103|0x0000000786700000, 0x0000000786800000, 0x0000000786800000|100%| E|CS|TAMS 0x0000000786700000, 0x0000000786700000| Complete 
| 104|0x0000000786800000, 0x0000000786900000, 0x0000000786900000|100%| E|CS|TAMS 0x0000000786800000, 0x0000000786800000| Complete 
| 105|0x0000000786900000, 0x0000000786a00000, 0x0000000786a00000|100%| E|CS|TAMS 0x0000000786900000, 0x0000000786900000| Complete 
| 106|0x0000000786a00000, 0x0000000786b00000, 0x0000000786b00000|100%| E|CS|TAMS 0x0000000786a00000, 0x0000000786a00000| Complete 
| 107|0x0000000786b00000, 0x0000000786c00000, 0x0000000786c00000|100%| E|CS|TAMS 0x0000000786b00000, 0x0000000786b00000| Complete 
| 108|0x0000000786c00000, 0x0000000786d00000, 0x0000000786d00000|100%| E|CS|TAMS 0x0000000786c00000, 0x0000000786c00000| Complete 
| 109|0x0000000786d00000, 0x0000000786e00000, 0x0000000786e00000|100%| E|CS|TAMS 0x0000000786d00000, 0x0000000786d00000| Complete 
| 110|0x0000000786e00000, 0x0000000786f00000, 0x0000000786f00000|100%| E|CS|TAMS 0x0000000786e00000, 0x0000000786e00000| Complete 
| 111|0x0000000786f00000, 0x0000000787000000, 0x0000000787000000|100%| E|CS|TAMS 0x0000000786f00000, 0x0000000786f00000| Complete 
| 112|0x0000000787000000, 0x0000000787100000, 0x0000000787100000|100%| E|CS|TAMS 0x0000000787000000, 0x0000000787000000| Complete 
| 113|0x0000000787100000, 0x0000000787200000, 0x0000000787200000|100%| E|CS|TAMS 0x0000000787100000, 0x0000000787100000| Complete 
| 114|0x0000000787200000, 0x0000000787300000, 0x0000000787300000|100%| E|CS|TAMS 0x0000000787200000, 0x0000000787200000| Complete 
| 115|0x0000000787300000, 0x0000000787400000, 0x0000000787400000|100%| E|CS|TAMS 0x0000000787300000, 0x0000000787300000| Complete 
| 116|0x0000000787400000, 0x0000000787500000, 0x0000000787500000|100%| E|CS|TAMS 0x0000000787400000, 0x0000000787400000| Complete 
| 117|0x0000000787500000, 0x0000000787600000, 0x0000000787600000|100%| E|CS|TAMS 0x0000000787500000, 0x0000000787500000| Complete 
| 118|0x0000000787600000, 0x0000000787700000, 0x0000000787700000|100%| E|CS|TAMS 0x0000000787600000, 0x0000000787600000| Complete 
| 119|0x0000000787700000, 0x0000000787800000, 0x0000000787800000|100%| E|CS|TAMS 0x0000000787700000, 0x0000000787700000| Complete 
| 120|0x0000000787800000, 0x0000000787900000, 0x0000000787900000|100%| E|CS|TAMS 0x0000000787800000, 0x0000000787800000| Complete 
| 121|0x0000000787900000, 0x0000000787a00000, 0x0000000787a00000|100%| E|CS|TAMS 0x0000000787900000, 0x0000000787900000| Complete 
| 122|0x0000000787a00000, 0x0000000787b00000, 0x0000000787b00000|100%| E|CS|TAMS 0x0000000787a00000, 0x0000000787a00000| Complete 
| 123|0x0000000787b00000, 0x0000000787c00000, 0x0000000787c00000|100%| E|CS|TAMS 0x0000000787b00000, 0x0000000787b00000| Complete 
| 124|0x0000000787c00000, 0x0000000787d00000, 0x0000000787d00000|100%| E|CS|TAMS 0x0000000787c00000, 0x0000000787c00000| Complete 
| 125|0x0000000787d00000, 0x0000000787e00000, 0x0000000787e00000|100%| E|CS|TAMS 0x0000000787d00000, 0x0000000787d00000| Complete 
| 126|0x0000000787e00000, 0x0000000787f00000, 0x0000000787f00000|100%| E|CS|TAMS 0x0000000787e00000, 0x0000000787e00000| Complete 
| 127|0x0000000787f00000, 0x0000000788000000, 0x0000000788000000|100%| E|CS|TAMS 0x0000000787f00000, 0x0000000787f00000| Complete 

Card table byte_map: [0x000000011d5ac000,0x000000011d9ac000] _byte_map_base: 0x00000001199ac000

Marking Bits (Prev, Next): (CMBitMap*) 0x00007fe348881418, (CMBitMap*) 0x00007fe348881450
 Prev Bits: [0x000000011ddac000, 0x000000011fdac000)
 Next Bits: [0x0000000134bf8000, 0x0000000136bf8000)

Polling page: 0x000000011c6d9000

Metaspace:

Usage:
  Non-class:     13.15 MB capacity,    12.97 MB ( 99%) used,   167.42 KB (  1%) free+waste,    17.31 KB ( <1%) overhead. 
      Class:      1.69 MB capacity,     1.56 MB ( 92%) used,   125.30 KB (  7%) free+waste,     7.50 KB ( <1%) overhead. 
       Both:     14.83 MB capacity,    14.52 MB ( 98%) used,   292.72 KB (  2%) free+waste,    24.81 KB ( <1%) overhead. 

Virtual space:
  Non-class space:       14.00 MB reserved,      13.50 MB ( 96%) committed 
      Class space:        1.00 GB reserved,       1.75 MB ( <1%) committed 
             Both:        1.01 GB reserved,      15.25 MB (  1%) committed 

Chunk freelists:
   Non-Class:  162.00 KB
       Class:  0 bytes
        Both:  162.00 KB

CodeHeap 'non-profiled nmethods': size=120032Kb used=1237Kb max_used=1237Kb free=118794Kb
 bounds [0x000000012d6c0000, 0x000000012d930000, 0x0000000134bf8000]
CodeHeap 'profiled nmethods': size=120032Kb used=4106Kb max_used=4155Kb free=115925Kb
 bounds [0x0000000126188000, 0x00000001265a8000, 0x000000012d6c0000]
CodeHeap 'non-nmethods': size=5696Kb used=1123Kb max_used=1164Kb free=4572Kb
 bounds [0x0000000125bf8000, 0x0000000125e68000, 0x0000000126188000]
 total_blobs=3159 nmethods=1831 adapters=358
 compilation: enabled
              stopped_count=0, restarted_count=0
 full_count=0

Compilation events (10 events):
Event: 60064.378 Thread 0x00007fe348c46000 nmethod 2002 0x00000001263d4710 code [0x00000001263d48c0, 0x00000001263d4b10]
Event: 60064.378 Thread 0x00007fe348c46000 1998       1       sun.security.util.ConstraintsParameters::getPublicKey (5 bytes)
Event: 60064.378 Thread 0x00007fe348c46000 nmethod 1998 0x000000012d71ec10 code [0x000000012d71edc0, 0x000000012d71eed0]
Event: 60064.378 Thread 0x00007fe348c46000 2003       1       sun.security.ssl.SSLCipher$T12GcmWriteCipherGenerator$GcmWriteCipher::getExplicitNonceSize (5 bytes)
Event: 60064.378 Thread 0x00007fe348c46000 nmethod 2003 0x000000012d71e910 code [0x000000012d71eac0, 0x000000012d71ebd0]
Event: 60064.640 Thread 0x00007fe3483a6000 nmethod 1989 0x000000012d7eb390 code [0x000000012d7eb780, 0x000000012d7f01c0]
Event: 60064.640 Thread 0x00007fe3483a6000 1991       4       java.util.regex.Pattern::split (291 bytes)
Event: 60064.822 Thread 0x00007fe3483a6000 nmethod 1991 0x000000012d7f2610 code [0x000000012d7f2920, 0x000000012d7f50a8]
Event: 60064.822 Thread 0x00007fe3483a6000 1995       4       java.lang.StringLatin1::compareTo (52 bytes)
Event: 60064.826 Thread 0x00007fe3483a6000 nmethod 1995 0x000000012d71e490 code [0x000000012d71e620, 0x000000012d71e7f8]

GC Heap History (10 events):
Event: 59384.426 GC heap before
{Heap before GC invocations=57 (full 0):
 garbage-first heap   total 131072K, used 90000K [0x0000000780000000, 0x0000000800000000)
  region size 1024K, 76 young (77824K), 1 survivors (1024K)
 Metaspace       used 14869K, capacity 15191K, committed 15616K, reserved 1062912K
  class space    used 1596K, capacity 1729K, committed 1792K, reserved 1048576K
}
Event: 59384.427 GC heap after
{Heap after GC invocations=58 (full 0):
 garbage-first heap   total 131072K, used 13191K [0x0000000780000000, 0x0000000800000000)
  region size 1024K, 1 young (1024K), 1 survivors (1024K)
 Metaspace       used 14869K, capacity 15191K, committed 15616K, reserved 1062912K
  class space    used 1596K, capacity 1729K, committed 1792K, reserved 1048576K
}
Event: 59384.774 GC heap before
{Heap before GC invocations=58 (full 0):
 garbage-first heap   total 131072K, used 89991K [0x0000000780000000, 0x0000000800000000)
  region size 1024K, 76 young (77824K), 1 survivors (1024K)
 Metaspace       used 14869K, capacity 15191K, committed 15616K, reserved 1062912K
  class space    used 1596K, capacity 1729K, committed 1792K, reserved 1048576K
}
Event: 59384.775 GC heap after
{Heap after GC invocations=59 (full 0):
 garbage-first heap   total 131072K, used 13194K [0x0000000780000000, 0x0000000800000000)
  region size 1024K, 1 young (1024K), 1 survivors (1024K)
 Metaspace       used 14869K, capacity 15191K, committed 15616K, reserved 1062912K
  class space    used 1596K, capacity 1729K, committed 1792K, reserved 1048576K
}
Event: 60066.183 GC heap before
{Heap before GC invocations=59 (full 0):
 garbage-first heap   total 131072K, used 100234K [0x0000000780000000, 0x0000000800000000)
  region size 1024K, 76 young (77824K), 1 survivors (1024K)
 Metaspace       used 14873K, capacity 15191K, committed 15616K, reserved 1062912K
  class space    used 1596K, capacity 1729K, committed 1792K, reserved 1048576K
}
Event: 60066.184 GC heap after
{Heap after GC invocations=60 (full 0):
 garbage-first heap   total 131072K, used 13259K [0x0000000780000000, 0x0000000800000000)
  region size 1024K, 1 young (1024K), 1 survivors (1024K)
 Metaspace       used 14873K, capacity 15191K, committed 15616K, reserved 1062912K
  class space    used 1596K, capacity 1729K, committed 1792K, reserved 1048576K
}
Event: 60066.401 GC heap before
{Heap before GC invocations=60 (full 0):
 garbage-first heap   total 131072K, used 90059K [0x0000000780000000, 0x0000000800000000)
  region size 1024K, 76 young (77824K), 1 survivors (1024K)
 Metaspace       used 14873K, capacity 15191K, committed 15616K, reserved 1062912K
  class space    used 1596K, capacity 1729K, committed 1792K, reserved 1048576K
}
Event: 60066.401 GC heap after
{Heap after GC invocations=61 (full 0):
 garbage-first heap   total 131072K, used 13192K [0x0000000780000000, 0x0000000800000000)
  region size 1024K, 1 young (1024K), 1 survivors (1024K)
 Metaspace       used 14873K, capacity 15191K, committed 15616K, reserved 1062912K
  class space    used 1596K, capacity 1729K, committed 1792K, reserved 1048576K
}
Event: 60066.627 GC heap before
{Heap before GC invocations=61 (full 0):
 garbage-first heap   total 131072K, used 89992K [0x0000000780000000, 0x0000000800000000)
  region size 1024K, 76 young (77824K), 1 survivors (1024K)
 Metaspace       used 14873K, capacity 15191K, committed 15616K, reserved 1062912K
  class space    used 1596K, capacity 1729K, committed 1792K, reserved 1048576K
}
Event: 60066.627 GC heap after
{Heap after GC invocations=62 (full 0):
 garbage-first heap   total 131072K, used 13196K [0x0000000780000000, 0x0000000800000000)
  region size 1024K, 1 young (1024K), 1 survivors (1024K)
 Metaspace       used 14873K, capacity 15191K, committed 15616K, reserved 1062912K
  class space    used 1596K, capacity 1729K, committed 1792K, reserved 1048576K
}

Deoptimization events (10 events):
Event: 12297.997 Thread 0x00007fe347d2d800 DEOPT PACKING pc=0x000000012d6f4c50 sp=0x00007ffee13d7970
Event: 12297.997 Thread 0x00007fe347d2d800 DEOPT UNPACKING pc=0x0000000125c20925 sp=0x00007ffee13d7898 mode 2
Event: 12331.159 Thread 0x00007fe347d2d800 Uncommon trap: trap_request=0xffffffde fr.pc=0x000000012d754638 relative=0x0000000000000df8
Event: 12331.159 Thread 0x00007fe347d2d800 Uncommon trap: reason=class_check action=maybe_recompile pc=0x000000012d754638 method=java.util.HashMap.putVal(ILjava/lang/Object;Ljava/lang/Object;ZZ)Ljava/lang/Object; @ 203 c2
Event: 12331.159 Thread 0x00007fe347d2d800 DEOPT PACKING pc=0x000000012d754638 sp=0x00007ffee13d7930
Event: 12331.159 Thread 0x00007fe347d2d800 DEOPT UNPACKING pc=0x0000000125c20925 sp=0x00007ffee13d78c0 mode 2
Event: 60064.323 Thread 0x00007fe347d2d800 Uncommon trap: trap_request=0xffffffcc fr.pc=0x000000012d7e88cc relative=0x000000000000212c
Event: 60064.323 Thread 0x00007fe347d2d800 Uncommon trap: reason=intrinsic_or_type_checked_inlining action=make_not_entrant pc=0x000000012d7e88cc method=java.util.ArrayList$SubList.toArray([Ljava/lang/Object;)[Ljava/lang/Object; @ 58 c2
Event: 60064.323 Thread 0x00007fe347d2d800 DEOPT PACKING pc=0x000000012d7e88cc sp=0x00007ffee13d7b00
Event: 60064.323 Thread 0x00007fe347d2d800 DEOPT UNPACKING pc=0x0000000125c20925 sp=0x00007ffee13d7a90 mode 2

Classes redefined (0 events):
No events

Internal exceptions (6 events):
Event: 2.177 Thread 0x00007fe3470fe800 Exception <a 'java/lang/NoSuchMethodError'{0x0000000787a5d538}: 'int java.lang.invoke.DirectMethodHandle$Holder.invokeStaticInit(java.lang.Object, java.lang.Object, java.lang.Object, java.lang.Object)'> (0x0000000787a5d538) thrown at [/Users/tester/jenkin
Event: 2.184 Thread 0x00007fe3470fe800 Exception <a 'java/lang/IncompatibleClassChangeError'{0x0000000787a67878}: Found class java.lang.Object, but interface was expected> (0x0000000787a67878) thrown at [/Users/tester/jenkins/workspace/zulu11-build-macos/zulu-src/src/hotspot/share/interpreter/
Event: 2.186 Thread 0x00007fe3470fe800 Exception <a 'java/lang/NoSuchMethodError'{0x0000000787a6ad40}: 'void java.lang.invoke.DirectMethodHandle$Holder.invokeStaticInit(java.lang.Object, java.lang.Object)'> (0x0000000787a6ad40) thrown at [/Users/tester/jenkins/workspace/zulu11-build-macos/zulu
Event: 2.192 Thread 0x00007fe3470fe800 Exception <a 'java/lang/NoSuchMethodError'{0x0000000787a70f68}: 'int java.lang.invoke.DirectMethodHandle$Holder.invokeStaticInit(java.lang.Object, java.lang.Object)'> (0x0000000787a70f68) thrown at [/Users/tester/jenkins/workspace/zulu11-build-macos/zulu-
Event: 2.314 Thread 0x00007fe3470fe800 Exception <a 'java/lang/NoSuchMethodError'{0x0000000787adc8e8}: 'int java.lang.invoke.DirectMethodHandle$Holder.invokeSpecialIFC(java.lang.Object, java.lang.Object, int)'> (0x0000000787adc8e8) thrown at [/Users/tester/jenkins/workspace/zulu11-build-macos/
Event: 2.804 Thread 0x00007fe3470fe800 Implicit null exception at 0x000000012d6e21f5 to 0x000000012d6e22ee

Events (10 events):
Event: 60070.936 Executing VM operation: RevokeBias done
Event: 60070.936 Executing VM operation: RevokeBias
Event: 60070.936 Executing VM operation: RevokeBias done
Event: 60070.936 Executing VM operation: RevokeBias
Event: 60070.936 Executing VM operation: RevokeBias done
Event: 60070.936 Executing VM operation: RevokeBias
Event: 60070.936 Executing VM operation: RevokeBias done
Event: 60070.936 Executing VM operation: RevokeBias
Event: 60070.937 Executing VM operation: RevokeBias done
Event: 60070.937 Thread 0x00007fe34850f800 Thread exited: 0x00007fe34850f800


Dynamic libraries:
0x0000000111820000 	/Applications/Stata/StataMP.app/Contents/Frameworks/Scintilla.framework/Versions/A/Scintilla
0x00007fff33d9c000 	/System/Library/Frameworks/ApplicationServices.framework/Versions/A/ApplicationServices
0x00007fff35109000 	/System/Library/Frameworks/Cocoa.framework/Versions/A/Cocoa
0x00007fff40452000 	/System/Library/Frameworks/QuartzCore.framework/Versions/A/QuartzCore
0x00007fff40edf000 	/System/Library/Frameworks/Security.framework/Versions/A/Security
0x00007fff411e0000 	/System/Library/Frameworks/SecurityFoundation.framework/Versions/A/SecurityFoundation
0x00007fff4163b000 	/System/Library/Frameworks/SystemConfiguration.framework/Versions/A/SystemConfiguration
0x00007fff5ec0f000 	/usr/lib/libc++.1.dylib
0x00007fff61069000 	/usr/lib/libz.1.dylib
0x00007fff5e94c000 	/usr/lib/libSystem.B.dylib
0x00007fff32f95000 	/System/Library/Frameworks/AppKit.framework/Versions/C/AppKit
0x00007fff3598c000 	/System/Library/Frameworks/CoreFoundation.framework/Versions/A/CoreFoundation
0x00007fff35dd4000 	/System/Library/Frameworks/CoreGraphics.framework/Versions/A/CoreGraphics
0x00007fff36c00000 	/System/Library/Frameworks/CoreServices.framework/Versions/A/CoreServices
0x00007fff375d8000 	/System/Library/Frameworks/CoreText.framework/Versions/A/CoreText
0x00007fff37c2d000 	/System/Library/Frameworks/Foundation.framework/Versions/C/Foundation
0x00007fff60203000 	/usr/lib/libobjc.A.dylib
0x00007fff35507000 	/System/Library/Frameworks/CoreData.framework/Versions/A/CoreData
0x00007fff58412000 	/System/Library/PrivateFrameworks/RemoteViewServices.framework/Versions/A/RemoteViewServices
0x00007fff5c689000 	/System/Library/PrivateFrameworks/UIFoundation.framework/Versions/A/UIFoundation
0x00007fff5dd6d000 	/System/Library/PrivateFrameworks/XCTTargetBootstrap.framework/Versions/A/XCTTargetBootstrap
0x00007fff3589b000 	/System/Library/Frameworks/CoreDisplay.framework/Versions/A/CoreDisplay
0x00007fff53127000 	/System/Library/PrivateFrameworks/IconServices.framework/Versions/A/IconServices
0x00007fff3a553000 	/System/Library/Frameworks/Metal.framework/Versions/A/Metal
0x00007fff4a66a000 	/System/Library/PrivateFrameworks/DesktopServicesPriv.framework/Versions/A/DesktopServicesPriv
0x00007fff5f566000 	/usr/lib/libenergytrace.dylib
0x00007fff5ab70000 	/System/Library/PrivateFrameworks/SkyLight.framework/Versions/A/SkyLight
0x00007fff31b7f000 	/System/Library/Frameworks/Accelerate.framework/Versions/A/Accelerate
0x00007fff38376000 	/System/Library/Frameworks/IOSurface.framework/Versions/A/IOSurface
0x00007fff4a4d6000 	/System/Library/PrivateFrameworks/DFRFoundation.framework/Versions/A/DFRFoundation
0x00007fff3427f000 	/System/Library/Frameworks/AudioToolbox.framework/Versions/A/AudioToolbox
0x00007fff344f8000 	/System/Library/Frameworks/AudioUnit.framework/Versions/A/AudioUnit
0x00007fff4a56b000 	/System/Library/PrivateFrameworks/DataDetectorsCore.framework/Versions/A/DataDetectorsCore
0x00007fff34c0c000 	/System/Library/Frameworks/Carbon.framework/Versions/A/Frameworks/HIToolbox.framework/Versions/A/HIToolbox
0x00007fff5f6bf000 	/usr/lib/libicucore.A.dylib
0x00007fff34fe1000 	/System/Library/Frameworks/Carbon.framework/Versions/A/Frameworks/SpeechRecognition.framework/Versions/A/SpeechRecognition
0x00007fff5eb20000 	/usr/lib/libauto.dylib
0x00007fff60f5d000 	/usr/lib/libxml2.2.dylib
0x00007fff4a0b1000 	/System/Library/PrivateFrameworks/CoreUI.framework/Versions/A/CoreUI
0x00007fff353f2000 	/System/Library/Frameworks/CoreAudio.framework/Versions/A/CoreAudio
0x00007fff37a62000 	/System/Library/Frameworks/DiskArbitration.framework/Versions/A/DiskArbitration
0x00007fff5f96d000 	/usr/lib/liblangid.dylib
0x00007fff54557000 	/System/Library/PrivateFrameworks/MultitouchSupport.framework/Versions/A/MultitouchSupport
0x00007fff382e5000 	/System/Library/Frameworks/IOKit.framework/Versions/A/IOKit
0x00007fff5e50c000 	/usr/lib/libDiagnosticMessagesClient.dylib
0x00007fff56211000 	/System/Library/PrivateFrameworks/PerformanceAnalysis.framework/Versions/A/PerformanceAnalysis
0x00007fff3f640000 	/System/Library/Frameworks/OpenGL.framework/Versions/A/OpenGL
0x00007fff35117000 	/System/Library/Frameworks/ColorSync.framework/Versions/A/ColorSync
0x00007fff36482000 	/System/Library/Frameworks/CoreImage.framework/Versions/A/CoreImage
0x00007fff383d9000 	/System/Library/Frameworks/ImageIO.framework/Versions/A/ImageIO
0x00007fff46703000 	/System/Library/PrivateFrameworks/Backup.framework/Versions/A/Backup
0x00007fff5e9f3000 	/usr/lib/libarchive.2.dylib
0x00007fff34851000 	/System/Library/Frameworks/CFNetwork.framework/Versions/A/CFNetwork
0x00007fff5e43d000 	/usr/lib/libCRFSuite.dylib
0x00007fff5ec63000 	/usr/lib/libc++abi.dylib
0x00007fff6185f000 	/usr/lib/system/libcache.dylib
0x00007fff61864000 	/usr/lib/system/libcommonCrypto.dylib
0x00007fff6186f000 	/usr/lib/system/libcompiler_rt.dylib
0x00007fff61877000 	/usr/lib/system/libcopyfile.dylib
0x00007fff61881000 	/usr/lib/system/libcorecrypto.dylib
0x00007fff6198c000 	/usr/lib/system/libdispatch.dylib
0x00007fff619c6000 	/usr/lib/system/libdyld.dylib
0x00007fff619f3000 	/usr/lib/system/libkeymgr.dylib
0x00007fff61a01000 	/usr/lib/system/liblaunch.dylib
0x00007fff61a02000 	/usr/lib/system/libmacho.dylib
0x00007fff61a08000 	/usr/lib/system/libquarantine.dylib
0x00007fff61a0b000 	/usr/lib/system/libremovefile.dylib
0x00007fff61a0d000 	/usr/lib/system/libsystem_asl.dylib
0x00007fff61a25000 	/usr/lib/system/libsystem_blocks.dylib
0x00007fff61a26000 	/usr/lib/system/libsystem_c.dylib
0x00007fff61aae000 	/usr/lib/system/libsystem_configuration.dylib
0x00007fff61ab2000 	/usr/lib/system/libsystem_coreservices.dylib
0x00007fff61ab6000 	/usr/lib/system/libsystem_darwin.dylib
0x00007fff61abd000 	/usr/lib/system/libsystem_dnssd.dylib
0x00007fff61ac4000 	/usr/lib/system/libsystem_info.dylib
0x00007fff61b39000 	/usr/lib/system/libsystem_m.dylib
0x00007fff61b85000 	/usr/lib/system/libsystem_malloc.dylib
0x00007fff61bb0000 	/usr/lib/system/libsystem_networkextension.dylib
0x00007fff61bbb000 	/usr/lib/system/libsystem_notify.dylib
0x00007fff61bd8000 	/usr/lib/system/libsystem_sandbox.dylib
0x00007fff61bdc000 	/usr/lib/system/libsystem_secinit.dylib
0x00007fff61b10000 	/usr/lib/system/libsystem_kernel.dylib
0x00007fff61bc3000 	/usr/lib/system/libsystem_platform.dylib
0x00007fff61bcd000 	/usr/lib/system/libsystem_pthread.dylib
0x00007fff61bdf000 	/usr/lib/system/libsystem_symptoms.dylib
0x00007fff61be7000 	/usr/lib/system/libsystem_trace.dylib
0x00007fff61bfe000 	/usr/lib/system/libunwind.dylib
0x00007fff61c04000 	/usr/lib/system/libxpc.dylib
0x00007fff5ebf0000 	/usr/lib/libbsm.0.dylib
0x00007fff619f4000 	/usr/lib/system/libkxld.dylib
0x00007fff45af4000 	/System/Library/PrivateFrameworks/AppleFSCompression.framework/Versions/A/AppleFSCompression
0x00007fff5e80c000 	/usr/lib/libOpenScriptingUtil.dylib
0x00007fff5ef18000 	/usr/lib/libcoretls.dylib
0x00007fff5ef2f000 	/usr/lib/libcoretls_cfhelpers.dylib
0x00007fff6099d000 	/usr/lib/libpam.2.dylib
0x00007fff60b5d000 	/usr/lib/libsqlite3.dylib
0x00007fff60f4b000 	/usr/lib/libxar.1.dylib
0x00007fff5ec01000 	/usr/lib/libbz2.1.0.dylib
0x00007fff5f96f000 	/usr/lib/liblzma.5.dylib
0x00007fff5fe20000 	/usr/lib/libnetwork.dylib
0x00007fff5e9dc000 	/usr/lib/libapple_nghttp2.dylib
0x00007fff609a4000 	/usr/lib/libpcap.A.dylib
0x00007fff36f9f000 	/System/Library/Frameworks/CoreServices.framework/Versions/A/Frameworks/FSEvents.framework/Versions/A/FSEvents
0x00007fff36c7e000 	/System/Library/Frameworks/CoreServices.framework/Versions/A/Frameworks/CarbonCore.framework/Versions/A/CarbonCore
0x00007fff3715a000 	/System/Library/Frameworks/CoreServices.framework/Versions/A/Frameworks/Metadata.framework/Versions/A/Metadata
0x00007fff371f9000 	/System/Library/Frameworks/CoreServices.framework/Versions/A/Frameworks/OSServices.framework/Versions/A/OSServices
0x00007fff37244000 	/System/Library/Frameworks/CoreServices.framework/Versions/A/Frameworks/SearchKit.framework/Versions/A/SearchKit
0x00007fff36c01000 	/System/Library/Frameworks/CoreServices.framework/Versions/A/Frameworks/AE.framework/Versions/A/AE
0x00007fff36fa8000 	/System/Library/Frameworks/CoreServices.framework/Versions/A/Frameworks/LaunchServices.framework/Versions/A/LaunchServices
0x00007fff36f56000 	/System/Library/Frameworks/CoreServices.framework/Versions/A/Frameworks/DictionaryServices.framework/Versions/A/DictionaryServices
0x00007fff372ac000 	/System/Library/Frameworks/CoreServices.framework/Versions/A/Frameworks/SharedFileList.framework/Versions/A/SharedFileList
0x00007fff3b61b000 	/System/Library/Frameworks/NetFS.framework/Versions/A/NetFS
0x00007fff547bd000 	/System/Library/PrivateFrameworks/NetAuth.framework/Versions/A/NetAuth
0x00007fff5e171000 	/System/Library/PrivateFrameworks/login.framework/Versions/A/Frameworks/loginsupport.framework/Versions/A/loginsupport
0x00007fff5c292000 	/System/Library/PrivateFrameworks/TCC.framework/Versions/A/TCC
0x00007fff4970e000 	/System/Library/PrivateFrameworks/CoreNLP.framework/Versions/A/CoreNLP
0x00007fff5422d000 	/System/Library/PrivateFrameworks/MetadataUtilities.framework/Versions/A/MetadataUtilities
0x00007fff5fa44000 	/usr/lib/libmecabra.dylib
0x00007fff33d9d000 	/System/Library/Frameworks/ApplicationServices.framework/Versions/A/Frameworks/ATS.framework/Versions/A/ATS
0x00007fff340ec000 	/System/Library/Frameworks/ApplicationServices.framework/Versions/A/Frameworks/ColorSyncLegacy.framework/Versions/A/ColorSyncLegacy
0x00007fff3418b000 	/System/Library/Frameworks/ApplicationServices.framework/Versions/A/Frameworks/HIServices.framework/Versions/A/HIServices
0x00007fff341de000 	/System/Library/Frameworks/ApplicationServices.framework/Versions/A/Frameworks/LangAnalysis.framework/Versions/A/LangAnalysis
0x00007fff341ee000 	/System/Library/Frameworks/ApplicationServices.framework/Versions/A/Frameworks/PrintCore.framework/Versions/A/PrintCore
0x00007fff34238000 	/System/Library/Frameworks/ApplicationServices.framework/Versions/A/Frameworks/QD.framework/Versions/A/QD
0x00007fff34272000 	/System/Library/Frameworks/ApplicationServices.framework/Versions/A/Frameworks/SpeechSynthesis.framework/Versions/A/SpeechSynthesis
0x00007fff5ec8b000 	/usr/lib/libcompression.dylib
0x00007fff3a823000 	/System/Library/Frameworks/MetalPerformanceShaders.framework/Versions/A/MetalPerformanceShaders
0x00007fff31b97000 	/System/Library/Frameworks/Accelerate.framework/Versions/A/Frameworks/vImage.framework/Versions/A/vImage
0x00007fff32df3000 	/System/Library/Frameworks/Accelerate.framework/Versions/A/Frameworks/vecLib.framework/Versions/A/vecLib
0x00007fff32c7e000 	/System/Library/Frameworks/Accelerate.framework/Versions/A/Frameworks/vecLib.framework/Versions/A/libvMisc.dylib
0x00007fff32add000 	/System/Library/Frameworks/Accelerate.framework/Versions/A/Frameworks/vecLib.framework/Versions/A/libvDSP.dylib
0x00007fff3248c000 	/System/Library/Frameworks/Accelerate.framework/Versions/A/Frameworks/vecLib.framework/Versions/A/libBLAS.dylib
0x00007fff32678000 	/System/Library/Frameworks/Accelerate.framework/Versions/A/Frameworks/vecLib.framework/Versions/A/libLAPACK.dylib
0x00007fff32a31000 	/System/Library/Frameworks/Accelerate.framework/Versions/A/Frameworks/vecLib.framework/Versions/A/libLinearAlgebra.dylib
0x00007fff32aca000 	/System/Library/Frameworks/Accelerate.framework/Versions/A/Frameworks/vecLib.framework/Versions/A/libSparseBLAS.dylib
0x00007fff32a47000 	/System/Library/Frameworks/Accelerate.framework/Versions/A/Frameworks/vecLib.framework/Versions/A/libQuadrature.dylib
0x00007fff32633000 	/System/Library/Frameworks/Accelerate.framework/Versions/A/Frameworks/vecLib.framework/Versions/A/libBNNS.dylib
0x00007fff32a4d000 	/System/Library/Frameworks/Accelerate.framework/Versions/A/Frameworks/vecLib.framework/Versions/A/libSparse.dylib
0x00007fff50a5c000 	/System/Library/PrivateFrameworks/GPUWrangler.framework/Versions/A/GPUWrangler
0x00007fff52d5c000 	/System/Library/PrivateFrameworks/IOAccelerator.framework/Versions/A/IOAccelerator
0x00007fff52d67000 	/System/Library/PrivateFrameworks/IOPresentment.framework/Versions/A/IOPresentment
0x00007fff4a4e6000 	/System/Library/PrivateFrameworks/DSExternalDisplay.framework/Versions/A/DSExternalDisplay
0x00007fff3ea97000 	/System/Library/Frameworks/OpenGL.framework/Versions/A/Libraries/libCoreFSCache.dylib
0x00007fff3a617000 	/System/Library/Frameworks/MetalPerformanceShaders.framework/Frameworks/MPSCore.framework/Versions/A/MPSCore
0x00007fff3a637000 	/System/Library/Frameworks/MetalPerformanceShaders.framework/Frameworks/MPSImage.framework/Versions/A/MPSImage
0x00007fff3a6dc000 	/System/Library/Frameworks/MetalPerformanceShaders.framework/Frameworks/MPSNeuralNetwork.framework/Versions/A/MPSNeuralNetwork
0x00007fff3a6b4000 	/System/Library/Frameworks/MetalPerformanceShaders.framework/Frameworks/MPSMatrix.framework/Versions/A/MPSMatrix
0x00007fff3a808000 	/System/Library/Frameworks/MetalPerformanceShaders.framework/Frameworks/MPSRayIntersector.framework/Versions/A/MPSRayIntersector
0x00007fff54256000 	/System/Library/PrivateFrameworks/MetalTools.framework/Versions/A/MetalTools
0x00007fff4539e000 	/System/Library/PrivateFrameworks/AggregateDictionary.framework/Versions/A/AggregateDictionary
0x00007fff5e7ec000 	/usr/lib/libMobileGestalt.dylib
0x00007fff3773b000 	/System/Library/Frameworks/CoreVideo.framework/Versions/A/CoreVideo
0x00007fff5186d000 	/System/Library/PrivateFrameworks/GraphVisualizer.framework/Versions/A/GraphVisualizer
0x00007fff4b6ec000 	/System/Library/PrivateFrameworks/FaceCore.framework/Versions/A/FaceCore
0x00007fff3e0c5000 	/System/Library/Frameworks/OpenCL.framework/Versions/A/OpenCL
0x00007fff5e544000 	/usr/lib/libFosl_dynamic.dylib
0x00007fff55028000 	/System/Library/PrivateFrameworks/OTSVG.framework/Versions/A/OTSVG
0x00007fff33ea1000 	/System/Library/Frameworks/ApplicationServices.framework/Versions/A/Frameworks/ATS.framework/Versions/A/Resources/libFontParser.dylib
0x00007fff33fb9000 	/System/Library/Frameworks/ApplicationServices.framework/Versions/A/Frameworks/ATS.framework/Versions/A/Resources/libFontRegistry.dylib
0x00007fff3864b000 	/System/Library/Frameworks/ImageIO.framework/Versions/A/Resources/libJPEG.dylib
0x00007fff3895e000 	/System/Library/Frameworks/ImageIO.framework/Versions/A/Resources/libTIFF.dylib
0x00007fff38934000 	/System/Library/Frameworks/ImageIO.framework/Versions/A/Resources/libPng.dylib
0x00007fff38568000 	/System/Library/Frameworks/ImageIO.framework/Versions/A/Resources/libGIF.dylib
0x00007fff3856d000 	/System/Library/Frameworks/ImageIO.framework/Versions/A/Resources/libJP2.dylib
0x00007fff3895b000 	/System/Library/Frameworks/ImageIO.framework/Versions/A/Resources/libRadiance.dylib
0x00007fff45c4b000 	/System/Library/PrivateFrameworks/AppleJPEG.framework/Versions/A/AppleJPEG
0x00007fff3eaa2000 	/System/Library/Frameworks/OpenGL.framework/Versions/A/Libraries/libGFXShared.dylib
0x00007fff3ec65000 	/System/Library/Frameworks/OpenGL.framework/Versions/A/Libraries/libGLU.dylib
0x00007fff3eaab000 	/System/Library/Frameworks/OpenGL.framework/Versions/A/Libraries/libGL.dylib
0x00007fff3eab7000 	/System/Library/Frameworks/OpenGL.framework/Versions/A/Libraries/libGLImage.dylib
0x00007fff3ea94000 	/System/Library/Frameworks/OpenGL.framework/Versions/A/Libraries/libCVMSPluginSupport.dylib
0x00007fff3ea9d000 	/System/Library/Frameworks/OpenGL.framework/Versions/A/Libraries/libCoreVMClient.dylib
0x00007fff5f3dc000 	/usr/lib/libcups.2.dylib
0x00007fff39b1e000 	/System/Library/Frameworks/Kerberos.framework/Versions/A/Kerberos
0x00007fff38049000 	/System/Library/Frameworks/GSS.framework/Versions/A/GSS
0x00007fff60af2000 	/usr/lib/libresolv.9.dylib
0x00007fff5f5ce000 	/usr/lib/libiconv.2.dylib
0x00007fff519e2000 	/System/Library/PrivateFrameworks/Heimdal.framework/Versions/A/Heimdal
0x00007fff5f59e000 	/usr/lib/libheimdal-asn1.dylib
0x00007fff3e139000 	/System/Library/Frameworks/OpenDirectory.framework/Versions/A/OpenDirectory
0x00007fff48471000 	/System/Library/PrivateFrameworks/CommonAuth.framework/Versions/A/CommonAuth
0x00007fff3e11d000 	/System/Library/Frameworks/OpenDirectory.framework/Versions/A/Frameworks/CFOpenDirectory.framework/Versions/A/CFOpenDirectory
0x00007fff448e4000 	/System/Library/PrivateFrameworks/APFS.framework/Versions/A/APFS
0x00007fff60f47000 	/usr/lib/libutil.dylib
0x00007fff5ec79000 	/usr/lib/libcharset.1.dylib
0x00007fff45ee8000 	/System/Library/PrivateFrameworks/AppleSauce.framework/Versions/A/AppleSauce
0x00007fff46069000 	/System/Library/PrivateFrameworks/AssertionServices.framework/Versions/A/AssertionServices
0x00007fff46799000 	/System/Library/PrivateFrameworks/BaseBoard.framework/Versions/A/BaseBoard
0x00007fff5f99f000 	/usr/lib/libmecab.1.0.0.dylib
0x00007fff5f598000 	/usr/lib/libgermantok.dylib
0x00007fff5e9c9000 	/usr/lib/libThaiTokenizer.dylib
0x00007fff5e474000 	/usr/lib/libChineseTokenizer.dylib
0x00007fff53414000 	/System/Library/PrivateFrameworks/LanguageModeling.framework/Versions/A/LanguageModeling
0x00007fff49153000 	/System/Library/PrivateFrameworks/CoreEmoji.framework/Versions/A/CoreEmoji
0x00007fff534f0000 	/System/Library/PrivateFrameworks/Lexicon.framework/Versions/A/Lexicon
0x00007fff53533000 	/System/Library/PrivateFrameworks/LinguisticData.framework/Versions/A/LinguisticData
0x00007fff5ec7a000 	/usr/lib/libcmph.dylib
0x00007fff4129e000 	/System/Library/Frameworks/ServiceManagement.framework/Versions/A/ServiceManagement
0x00007fff466fa000 	/System/Library/PrivateFrameworks/BackgroundTaskManagement.framework/Versions/A/BackgroundTaskManagement
0x00007fff61040000 	/usr/lib/libxslt.1.dylib
0x00007fff34f0e000 	/System/Library/Frameworks/Carbon.framework/Versions/A/Frameworks/Ink.framework/Versions/A/Ink
0x00007fff5c504000 	/System/Library/PrivateFrameworks/TextureIO.framework/Versions/A/TextureIO
0x00007fff5ea1d000 	/usr/lib/libate.dylib
0x00007fff4a435000 	/System/Library/PrivateFrameworks/CrashReporterSupport.framework/Versions/A/CrashReporterSupport
0x00007fff59c3e000 	/System/Library/PrivateFrameworks/Sharing.framework/Versions/A/Sharing
0x00007fff4644c000 	/System/Library/PrivateFrameworks/AuthKit.framework/Versions/A/AuthKit
0x00007fff459a0000 	/System/Library/PrivateFrameworks/Apple80211.framework/Versions/A/Apple80211
0x00007fff4a1dd000 	/System/Library/PrivateFrameworks/CoreUtils.framework/Versions/A/CoreUtils
0x00007fff3777c000 	/System/Library/Frameworks/CoreWLAN.framework/Versions/A/CoreWLAN
0x00007fff38178000 	/System/Library/Frameworks/IOBluetooth.framework/Versions/A/IOBluetooth
0x00007fff580b2000 	/System/Library/PrivateFrameworks/ProtocolBuffer.framework/Versions/A/ProtocolBuffer
0x00007fff544b3000 	/System/Library/PrivateFrameworks/MobileKeyBag.framework/Versions/A/MobileKeyBag
0x00007fff49a21000 	/System/Library/PrivateFrameworks/CorePhoneNumbers.framework/Versions/A/CorePhoneNumbers
0x00007fff45bff000 	/System/Library/PrivateFrameworks/AppleIDAuthSupport.framework/Versions/A/AppleIDAuthSupport
0x00007fff533e7000 	/System/Library/PrivateFrameworks/KeychainCircle.framework/Versions/A/KeychainCircle
0x00007fff58268000 	/System/Library/PrivateFrameworks/ROCKit.framework/Versions/A/ROCKit
0x00007fff4a3d1000 	/System/Library/PrivateFrameworks/CoreWiFi.framework/Versions/A/CoreWiFi
0x00007fff354dc000 	/System/Library/Frameworks/CoreBluetooth.framework/Versions/A/CoreBluetooth
0x00007fff4a62c000 	/System/Library/PrivateFrameworks/DebugSymbols.framework/Versions/A/DebugSymbols
0x00007fff49f9d000 	/System/Library/PrivateFrameworks/CoreSymbolication.framework/Versions/A/CoreSymbolication
0x00007fff5bd1f000 	/System/Library/PrivateFrameworks/Symbolication.framework/Versions/A/Symbolication
0x00007fff5b5c2000 	/System/Library/PrivateFrameworks/SpeechRecognitionCore.framework/Versions/A/SpeechRecognitionCore
0x00007fff49ba5000 	/System/Library/PrivateFrameworks/CoreServicesInternal.framework/Versions/A/CoreServicesInternal
0x00007fff34055000 	/System/Library/Frameworks/ApplicationServices.framework/Versions/A/Frameworks/ATS.framework/Versions/A/Resources/libTrueTypeScaler.dylib
0x00007fff31b80000 	/System/Library/Frameworks/Accelerate.framework/Versions/A/Frameworks/vImage.framework/Versions/A/Libraries/libCGInterfaces.dylib
0x0000000115e70000 	/usr/lib/libobjc-trampolines.dylib
0x00007fff29efd000 	/System/Library/CoreServices/RawCamera.bundle/Contents/MacOS/RawCamera
0x00007fff542fa000 	/System/Library/PrivateFrameworks/MobileAsset.framework/Versions/A/MobileAsset
0x00007fff5bc6d000 	/System/Library/PrivateFrameworks/StreamingZip.framework/Versions/A/StreamingZip
0x00007fff39eab000 	/System/Library/Frameworks/MediaToolbox.framework/Versions/A/MediaToolbox
0x00007fff48cf7000 	/System/Library/PrivateFrameworks/CoreAVCHD.framework/Versions/A/CoreAVCHD
0x00007fff39df1000 	/System/Library/Frameworks/MediaAccessibility.framework/Versions/A/MediaAccessibility
0x00007fff53d56000 	/System/Library/PrivateFrameworks/Mangrove.framework/Versions/A/Mangrove
0x00007fff36a9f000 	/System/Library/Frameworks/CoreMedia.framework/Versions/A/CoreMedia
0x00007fff41907000 	/System/Library/Frameworks/VideoToolbox.framework/Versions/A/VideoToolbox
0x00007fff48913000 	/System/Library/PrivateFrameworks/CoreAUC.framework/Versions/A/CoreAUC
0x00007fff60b5b000 	/usr/lib/libspindump.dylib
0x00007fff45fce000 	/System/Library/PrivateFrameworks/AppleVA.framework/Versions/A/AppleVA
0x00007fff2d94d000 	/System/Library/Extensions/AppleIntelHD4000GraphicsMTLDriver.bundle/Contents/MacOS/AppleIntelHD4000GraphicsMTLDriver
0x00007fff4f3bb000 	/System/Library/PrivateFrameworks/GPUCompiler.framework/Versions/3902/Libraries/libmetal_timestamp.dylib
0x00007fff5d4bc000 	/System/Library/PrivateFrameworks/ViewBridge.framework/Versions/A/ViewBridge
0x00007fff40451000 	/System/Library/Frameworks/Quartz.framework/Versions/A/Quartz
0x00007fff3fe58000 	/System/Library/Frameworks/Quartz.framework/Versions/A/Frameworks/QuartzComposer.framework/Versions/A/QuartzComposer
0x00007fff3fd6b000 	/System/Library/Frameworks/Quartz.framework/Versions/A/Frameworks/PDFKit.framework/Versions/A/PDFKit
0x00007fff40328000 	/System/Library/Frameworks/Quartz.framework/Versions/A/Frameworks/QuartzFilters.framework/Versions/A/QuartzFilters
0x00007fff3fb16000 	/System/Library/Frameworks/Quartz.framework/Versions/A/Frameworks/ImageKit.framework/Versions/A/ImageKit
0x00007fff4034f000 	/System/Library/Frameworks/Quartz.framework/Versions/A/Frameworks/QuickLookUI.framework/Versions/A/QuickLookUI
0x00007fff38ca6000 	/System/Library/Frameworks/JavaScriptCore.framework/Versions/A/JavaScriptCore
0x00007fff3f9cc000 	/System/Library/Frameworks/QTKit.framework/Versions/A/QTKit
0x00007fff45fca000 	/System/Library/PrivateFrameworks/AppleSystemInfo.framework/Versions/A/AppleSystemInfo
0x00007fff317d5000 	/System/Library/Frameworks/AVFoundation.framework/Versions/A/AVFoundation
0x00007fff5c281000 	/System/Library/PrivateFrameworks/SystemPolicy.framework/Versions/A/SystemPolicy
0x00007fff34c07000 	/System/Library/Frameworks/Carbon.framework/Versions/A/Carbon
0x00007fff495ce000 	/System/Library/PrivateFrameworks/CoreMediaAuthoring.framework/Versions/A/CoreMediaAuthoring
0x00007fff36ba4000 	/System/Library/Frameworks/CoreMediaIO.framework/Versions/A/CoreMediaIO
0x00007fff319b2000 	/System/Library/Frameworks/AVFoundation.framework/Versions/A/Frameworks/AVFAudio.framework/Versions/A/AVFAudio
0x00007fff5327e000 	/System/Library/PrivateFrameworks/InternationalSupport.framework/Versions/A/InternationalSupport
0x00007fff583f4000 	/System/Library/PrivateFrameworks/RemoteServiceDiscovery.framework/Versions/A/RemoteServiceDiscovery
0x00007fff58435000 	/System/Library/PrivateFrameworks/RemoteXPC.framework/Versions/A/RemoteXPC
0x00007fff34c08000 	/System/Library/Frameworks/Carbon.framework/Versions/A/Frameworks/CommonPanels.framework/Versions/A/CommonPanels
0x00007fff34f04000 	/System/Library/Frameworks/Carbon.framework/Versions/A/Frameworks/Help.framework/Versions/A/Help
0x00007fff34f08000 	/System/Library/Frameworks/Carbon.framework/Versions/A/Frameworks/ImageCapture.framework/Versions/A/ImageCapture
0x00007fff34fa4000 	/System/Library/Frameworks/Carbon.framework/Versions/A/Frameworks/OpenScripting.framework/Versions/A/OpenScripting
0x00007fff34fdc000 	/System/Library/Frameworks/Carbon.framework/Versions/A/Frameworks/Print.framework/Versions/A/Print
0x00007fff34fde000 	/System/Library/Frameworks/Carbon.framework/Versions/A/Frameworks/SecurityHI.framework/Versions/A/SecurityHI
0x00007fff498e0000 	/System/Library/PrivateFrameworks/CorePDF.framework/Versions/A/CorePDF
0x00007fff406aa000 	/System/Library/Frameworks/QuickLook.framework/Versions/A/QuickLook
0x00007fff4aa78000 	/System/Library/PrivateFrameworks/DisplayServices.framework/Versions/A/DisplayServices
0x00007fff38386000 	/System/Library/Frameworks/ImageCaptureCore.framework/Versions/A/ImageCaptureCore
0x00007fff4a9b1000 	/System/Library/PrivateFrameworks/DiskManagement.framework/Versions/A/DiskManagement
0x00007fff58252000 	/System/Library/PrivateFrameworks/QuickLookThumbnailing.framework/Versions/A/QuickLookThumbnailing
0x00007fff53e6e000 	/System/Library/PrivateFrameworks/MediaKit.framework/Versions/A/MediaKit
0x00007fff3798e000 	/System/Library/Frameworks/DiscRecording.framework/Versions/A/DiscRecording
0x00007fff5e47f000 	/usr/lib/libCoreStorage.dylib
0x00007fff5f3c9000 	/usr/lib/libcsfde.dylib
0x00007fff4ab25000 	/System/Library/PrivateFrameworks/EFILogin.framework/Versions/A/EFILogin
0x00007fff5805d000 	/System/Library/PrivateFrameworks/ProtectedCloudStorage.framework/Versions/A/ProtectedCloudStorage
0x00007fff50def000 	/System/Library/PrivateFrameworks/GenerationalStorage.framework/Versions/A/GenerationalStorage
0x00007fff47664000 	/System/Library/PrivateFrameworks/ChunkingLibrary.framework/Versions/A/ChunkingLibrary
0x00007fff48dbb000 	/System/Library/PrivateFrameworks/CoreBrightness.framework/Versions/A/CoreBrightness
0x00007fff4680f000 	/System/Library/PrivateFrameworks/BezelServices.framework/Versions/A/BezelServices
0x00007fff408c8000 	/System/Library/Frameworks/SafariServices.framework/Versions/A/SafariServices
0x00007fff5824e000 	/System/Library/PrivateFrameworks/QuickLookNonBaseSystem.framework/Versions/A/QuickLookNonBaseSystem
0x00007fff53de0000 	/System/Library/PrivateFrameworks/MarkupUI.framework/Versions/A/MarkupUI
0x00007fff4575d000 	/System/Library/PrivateFrameworks/AnnotationKit.framework/Versions/A/AnnotationKit
0x00007fff5611d000 	/System/Library/PrivateFrameworks/PencilKit.framework/Versions/A/PencilKit
0x00007fff4930d000 	/System/Library/PrivateFrameworks/CoreHandwriting.framework/Versions/A/CoreHandwriting
0x00007fff3a5fd000 	/System/Library/Frameworks/MetalKit.framework/Versions/A/MetalKit
0x00007fff36875000 	/System/Library/Frameworks/CoreML.framework/Versions/A/CoreML
0x00007fff4b25e000 	/System/Library/PrivateFrameworks/Espresso.framework/Versions/A/Espresso
0x00007fff544e1000 	/System/Library/PrivateFrameworks/Montreal.framework/Versions/A/Montreal
0x00000001162bc000 	/Applications/Stata/utilities/java/macosx-x64/zulu-jre11.0.4/lib/jli/libjli.dylib
0x000000011b7c5000 	/Applications/Stata/utilities/java/macosx-x64/zulu-jre11.0.4//lib/server/libjvm.dylib
0x000000011c653000 	/Applications/Stata/utilities/java/macosx-x64/zulu-jre11.0.4/lib/libverify.dylib
0x000000011c695000 	/Applications/Stata/utilities/java/macosx-x64/zulu-jre11.0.4/lib/libjava.dylib
0x000000011c7ca000 	/Applications/Stata/utilities/java/macosx-x64/zulu-jre11.0.4/lib/libzip.dylib
0x000000011356f000 	/Applications/Stata/utilities/java/macosx-x64/zulu-jre11.0.4/lib/libjimage.dylib
0x00000001396e9000 	/Applications/Stata/utilities/java/macosx-x64/zulu-jre11.0.4/lib/libnio.dylib
0x00000001396fb000 	/Applications/Stata/utilities/java/macosx-x64/zulu-jre11.0.4/lib/./libnet.dylib
0x00000001399e4000 	/Applications/Stata/utilities/java/macosx-x64/zulu-jre11.0.4/lib/libsunec.dylib
0x0000000113449000 	/Applications/Stata/utilities/java/macosx-x64/zulu-jre11.0.4/lib/libextnet.dylib
0x00007fff59d5d000 	/System/Library/PrivateFrameworks/Shortcut.framework/Versions/A/Shortcut
0x00007fff51a57000 	/System/Library/PrivateFrameworks/HelpData.framework/Versions/A/HelpData
0x00007fff477cd000 	/System/Library/PrivateFrameworks/CloudDocs.framework/Versions/A/CloudDocs
0x00007fff4bb38000 	/System/Library/PrivateFrameworks/FileProvider.framework/Versions/A/FileProvider
0x00007fff5b680000 	/System/Library/PrivateFrameworks/SpotlightIndex.framework/Versions/A/SpotlightIndex
0x00007fff5bdab000 	/System/Library/PrivateFrameworks/SymptomDiagnosticReporter.framework/Versions/A/SymptomDiagnosticReporter
0x00007fff57c51000 	/System/Library/PrivateFrameworks/PowerLog.framework/Versions/A/PowerLog
0x00007fff48d45000 	/System/Library/PrivateFrameworks/CoreAnalytics.framework/Versions/A/CoreAnalytics
0x00007fff34fe8000 	/System/Library/Frameworks/CloudKit.framework/Versions/A/CloudKit
0x00007fff367a3000 	/System/Library/Frameworks/CoreLocation.framework/Versions/A/CoreLocation
0x00007fff50e2c000 	/System/Library/PrivateFrameworks/GeoServices.framework/Versions/A/GeoServices
0x00007fff5e174000 	/System/Library/PrivateFrameworks/login.framework/Versions/A/login
0x00007fff4bbd6000 	/System/Library/PrivateFrameworks/FinderKit.framework/Versions/A/FinderKit
0x00007fff5bff2000 	/System/Library/PrivateFrameworks/SystemAdministration.framework/Versions/A/SystemAdministration
0x00007fff4a8e2000 	/System/Library/PrivateFrameworks/DiskImages.framework/Versions/A/DiskImages
0x00007fff5bcaa000 	/System/Library/PrivateFrameworks/Suggestions.framework/Versions/A/Suggestions
0x00007fff59d90000 	/System/Library/PrivateFrameworks/SidecarUI.framework/Versions/A/SidecarUI
0x00007fff37982000 	/System/Library/Frameworks/DirectoryService.framework/Versions/A/DirectoryService
0x00007fff5362c000 	/System/Library/PrivateFrameworks/LoginUIKit.framework/Versions/A/Frameworks/LoginUICore.framework/Versions/A/LoginUICore
0x00007fff6098c000 	/usr/lib/libodfde.dylib
0x00007fff5f45b000 	/usr/lib/libcurl.4.dylib
0x00007fff5f2c8000 	/usr/lib/libcrypto.42.dylib
0x00007fff60df2000 	/usr/lib/libssl.44.dylib
0x00007fff39b38000 	/System/Library/Frameworks/LDAP.framework/Versions/A/LDAP
0x00007fff5c682000 	/System/Library/PrivateFrameworks/TrustEvaluationAgent.framework/Versions/A/TrustEvaluationAgent
0x00007fff60b48000 	/usr/lib/libsasl2.2.dylib
0x00007fff48f50000 	/System/Library/PrivateFrameworks/CoreDaemon.framework/Versions/B/CoreDaemon
0x00007fff45ee3000 	/System/Library/PrivateFrameworks/AppleSRP.framework/Versions/A/AppleSRP
0x00007fff32e51000 	/System/Library/Frameworks/AddressBook.framework/Versions/A/AddressBook
0x00007fff487ae000 	/System/Library/PrivateFrameworks/ContactsPersistence.framework/Versions/A/ContactsPersistence
0x00007fff45238000 	/System/Library/PrivateFrameworks/AddressBookCore.framework/Versions/A/AddressBookCore
0x00007fff46f77000 	/System/Library/PrivateFrameworks/CalendarAgentLink.framework/Versions/A/CalendarAgentLink
0x00007fff4874b000 	/System/Library/PrivateFrameworks/ContactsFoundation.framework/Versions/A/ContactsFoundation
0x00007fff532ec000 	/System/Library/PrivateFrameworks/IntlPreferences.framework/Versions/A/IntlPreferences
0x00007fff4126d000 	/System/Library/Frameworks/SecurityInterface.framework/Versions/A/SecurityInterface
0x00007fff5c629000 	/System/Library/PrivateFrameworks/ToneKit.framework/Versions/A/ToneKit
0x00007fff5c645000 	/System/Library/PrivateFrameworks/ToneLibrary.framework/Versions/A/ToneLibrary
0x00007fff5e1c0000 	/System/Library/PrivateFrameworks/vCard.framework/Versions/A/vCard
0x00007fff32df4000 	/System/Library/Frameworks/Accounts.framework/Versions/A/Accounts
0x00007fff56447000 	/System/Library/PrivateFrameworks/PhoneNumbers.framework/Versions/A/PhoneNumbers
0x00007fff45ec5000 	/System/Library/PrivateFrameworks/ApplePushService.framework/Versions/A/ApplePushService
0x00007fff35267000 	/System/Library/Frameworks/Contacts.framework/Versions/A/Contacts
0x00007fff4848e000 	/System/Library/PrivateFrameworks/CommonUtilities.framework/Versions/A/CommonUtilities
0x00007fff4688c000 	/System/Library/PrivateFrameworks/Bom.framework/Versions/A/Bom
0x00007fff45c95000 	/System/Library/PrivateFrameworks/AppleLDAP.framework/Versions/A/AppleLDAP
0x00007fff59d7d000 	/System/Library/PrivateFrameworks/SidecarCore.framework/Versions/A/SidecarCore
0x00007fff57c03000 	/System/Library/PrivateFrameworks/PlugInKit.framework/Versions/A/PlugInKit
0x00007fff59c32000 	/System/Library/PrivateFrameworks/SharePointManagement.framework/Versions/A/SharePointManagement
0x00007fff4a52c000 	/System/Library/PrivateFrameworks/DataDetectors.framework/Versions/A/DataDetectors
0x00007fff5368a000 	/System/Library/PrivateFrameworks/Lookup.framework/Versions/A/Lookup
0x00007fff524a4000 	/System/Library/PrivateFrameworks/IDS.framework/Versions/A/IDS
0x00007fff440c3000 	/System/Library/Frameworks/WebKit.framework/Versions/A/WebKit
0x00007fff43ed1000 	/System/Library/Frameworks/WebKit.framework/Versions/A/Frameworks/WebKitLegacy.framework/Versions/A/WebKitLegacy
0x00007fff4254a000 	/System/Library/Frameworks/WebKit.framework/Versions/A/Frameworks/WebCore.framework/Versions/A/WebCore
0x00007fff5e3ad000 	/usr/lib/libAccessibility.dylib
0x00007fff49a2a000 	/System/Library/PrivateFrameworks/CorePrediction.framework/Versions/A/CorePrediction
0x00007fff60b0c000 	/usr/lib/libsandbox.1.dylib
0x00007fff41f3d000 	/System/Library/Frameworks/WebKit.framework/Versions/A/Frameworks/WebCore.framework/Versions/A/Frameworks/libwebrtc.dylib
0x00007fff59173000 	/System/Library/PrivateFrameworks/SafariSafeBrowsing.framework/Versions/A/SafariSafeBrowsing
0x00007fff5c88e000 	/System/Library/PrivateFrameworks/URLFormatting.framework/Versions/A/URLFormatting
0x00007fff44f16000 	/System/Library/PrivateFrameworks/AXCoreUtilities.framework/Versions/A/AXCoreUtilities
0x00007fff5187d000 	/System/Library/PrivateFrameworks/GraphicsServices.framework/Versions/A/GraphicsServices
0x00007fff498db000 	/System/Library/PrivateFrameworks/CoreOptimization.framework/Versions/A/CoreOptimization
0x00007fff5e7bb000 	/usr/lib/libMatch.1.dylib
0x00007fff5dcb8000 	/System/Library/PrivateFrameworks/WirelessDiagnostics.framework/Versions/A/WirelessDiagnostics
0x00007fff5d9d8000 	/System/Library/PrivateFrameworks/WirelessDiagnostics.framework/Versions/A/Libraries/libAWDSupportFramework.dylib
0x00007fff5dc4b000 	/System/Library/PrivateFrameworks/WirelessDiagnostics.framework/Versions/A/Libraries/libprotobuf-lite.dylib
0x00007fff5e94e000 	/usr/lib/libTelephonyUtilDynamic.dylib
0x00007fff5dc5d000 	/System/Library/PrivateFrameworks/WirelessDiagnostics.framework/Versions/A/Libraries/libprotobuf.dylib
0x00007fff52c20000 	/System/Library/PrivateFrameworks/IMFoundation.framework/Versions/A/IMFoundation
0x00007fff53ddd000 	/System/Library/PrivateFrameworks/Marco.framework/Versions/A/Marco
0x00007fff5259e000 	/System/Library/PrivateFrameworks/IDSFoundation.framework/Versions/A/IDSFoundation
0x00007fff3b628000 	/System/Library/Frameworks/Network.framework/Versions/A/Network
0x00007fff4b248000 	/System/Library/PrivateFrameworks/Engram.framework/Versions/A/Engram
0x00007fff60e9d000 	/usr/lib/libtidy.A.dylib
0x00007fff4a84f000 	/System/Library/PrivateFrameworks/DiagnosticLogCollection.framework/Versions/A/DiagnosticLogCollection


VM Arguments:
jvm_args: -Xmx2048M -Xss2M -XX:ErrorFile=/dev/null 
java_command: <unknown>
java_class_path (initial): /Applications/Stata/utilities/jar/aspose-words-18.11-jdk16.jar:/Applications/Stata/utilities/jar/libstata-core.jar:/Applications/Stata/utilities/jar/libdeps-core.jar:/Applications/Stata/utilities/jar/sfi-api.jar:
Launcher Type: generic

[Global flags]
     intx CICompilerCount                          = 3                                         {product} {ergonomic}
     uint ConcGCThreads                            = 1                                         {product} {ergonomic}
    ccstr ErrorFile                                = /dev/null                                 {product} {command line}
     uint G1ConcRefinementThreads                  = 4                                         {product} {ergonomic}
   size_t G1HeapRegionSize                         = 1048576                                   {product} {ergonomic}
    uintx GCDrainStackTargetSize                   = 64                                        {product} {ergonomic}
   size_t InitialHeapSize                          = 134217728                                 {product} {ergonomic}
   size_t MarkStackSize                            = 4194304                                   {product} {ergonomic}
   size_t MaxHeapSize                              = 2147483648                                {product} {command line}
   size_t MaxNewSize                               = 1287651328                                {product} {ergonomic}
   size_t MinHeapDeltaBytes                        = 1048576                                   {product} {ergonomic}
    uintx NonNMethodCodeHeapSize                   = 5830092                                {pd product} {ergonomic}
    uintx NonProfiledCodeHeapSize                  = 122914074                              {pd product} {ergonomic}
    uintx ProfiledCodeHeapSize                     = 122914074                              {pd product} {ergonomic}
    uintx ReservedCodeCacheSize                    = 251658240                              {pd product} {ergonomic}
     bool SegmentedCodeCache                       = true                                      {product} {ergonomic}
     intx ThreadStackSize                          = 2048                                   {pd product} {command line}
     bool UseCompressedClassPointers               = true                                 {lp64_product} {ergonomic}
     bool UseCompressedOops                        = true                                 {lp64_product} {ergonomic}
     bool UseG1GC                                  = true                                      {product} {ergonomic}

Logging:
Log output configuration:
 #0: stdout all=warning uptime,level,tags
 #1: stderr all=off uptime,level,tags

Environment Variables:
PATH=/usr/bin:/bin:/usr/sbin:/sbin:/Applications/Stata/utilities/java/macosx-x64/zulu-jre11.0.4/bin
SHELL=/bin/bash
DISPLAY=/private/tmp/com.apple.launchd.NyGiF1OaTS/org.macosforge.xquartz:0

Signal Handlers:
SIGSEGV: [libjvm.dylib+0x77e064], sa_mask[0]=11111111011111110111111111111111, sa_flags=SA_ONSTACK|SA_RESTART|SA_SIGINFO
SIGBUS: [libjvm.dylib+0x77e064], sa_mask[0]=11111111011111110111111111111111, sa_flags=SA_RESTART|SA_SIGINFO
SIGFPE: [libjvm.dylib+0x77e064], sa_mask[0]=11111111011111110111111111111111, sa_flags=SA_RESTART|SA_SIGINFO
SIGPIPE: [libjvm.dylib+0x617f92], sa_mask[0]=11111111011111110111111111111111, sa_flags=SA_RESTART|SA_SIGINFO
SIGXFSZ: [libjvm.dylib+0x617f92], sa_mask[0]=11111111011111110111111111111111, sa_flags=SA_RESTART|SA_SIGINFO
SIGILL: [libjvm.dylib+0x77e064], sa_mask[0]=11111111011111110111111111111111, sa_flags=SA_RESTART|SA_SIGINFO
SIGUSR2: [libjvm.dylib+0x6185a2], sa_mask[0]=11100100000001110111111111011111, sa_flags=SA_RESTART|SA_SIGINFO
SIGHUP: [libjvm.dylib+0x617009], sa_mask[0]=11111111011111110111111111111111, sa_flags=SA_RESTART|SA_SIGINFO
SIGINT: [libjvm.dylib+0x617009], sa_mask[0]=11111111011111110111111111111111, sa_flags=SA_RESTART|SA_SIGINFO
SIGTERM: [libjvm.dylib+0x617009], sa_mask[0]=11111111011111110111111111111111, sa_flags=SA_RESTART|SA_SIGINFO
SIGQUIT: [libjvm.dylib+0x617009], sa_mask[0]=11111111011111110111111111111111, sa_flags=SA_RESTART|SA_SIGINFO


---------------  S Y S T E M  ---------------

OS:uname:Darwin 18.7.0 Darwin Kernel Version 18.7.0: Tue Aug 20 16:57:14 PDT 2019; root:xnu-4903.271.2~2/RELEASE_X86_64 x86_64
rlimit: STACK 8192k, CORE 0k, NPROC 709, NOFILE 10240, AS infinity, DATA infinity, FSIZE infinity
load average:1.50 1.81 2.14

CPU:total 4 (initial active 4) (2 cores per cpu, 2 threads per core) family 6 model 58 stepping 9, cmov, cx8, fxsr, mmx, sse, sse2, sse3, ssse3, sse4.1, sse4.2, popcnt, avx, aes, clmul, erms, ht, tsc, tscinvbit, tscinv

Memory: 4k page, physical 8388608k(1369480k free)

vm_info: OpenJDK 64-Bit Server VM (11.0.4+11-LTS) for bsd-amd64 JRE (Zulu11.33+15-CA) (11.0.4+11-LTS), built on Jul 11 2019 11:30:37 by "zulu_re" with gcc 4.2.1 Compatible Apple LLVM 6.1.0 (clang-602.0.53)

END.
